2022-03-01 17:44:43.539 [http-nio-8001-exec-9] ERROR c.m.s.exceptionhandler.GlobalExceptionHandler - Error while extracting response for type [class com.meinil.commonutils.R] and content type [application/json]; nested exception is org.springframework.http.converter.HttpMessageNotReadableException: JSON parse error: Cannot deserialize value of type `com.meinil.commonutils.ResultCode` from number 20000: index value outside legal index range [0..1]; nested exception is com.fasterxml.jackson.databind.exc.InvalidFormatException: Cannot deserialize value of type `com.meinil.commonutils.ResultCode` from number 20000: index value outside legal index range [0..1]
 at [Source: (PushbackInputStream); line: 1, column: 24] (through reference chain: com.meinil.commonutils.R["code"])
2022-03-01 17:49:18.586 [http-nio-8001-exec-1] ERROR c.m.s.exceptionhandler.GlobalExceptionHandler - Error while extracting response for type [class com.meinil.commonutils.R] and content type [application/json]; nested exception is org.springframework.http.converter.HttpMessageNotReadableException: JSON parse error: Cannot deserialize value of type `com.meinil.commonutils.ResultCode` from number 20001: index value outside legal index range [0..1]; nested exception is com.fasterxml.jackson.databind.exc.InvalidFormatException: Cannot deserialize value of type `com.meinil.commonutils.ResultCode` from number 20001: index value outside legal index range [0..1]
 at [Source: (PushbackInputStream); line: 1, column: 25] (through reference chain: com.meinil.commonutils.R["code"])
2022-03-01 17:49:56.689 [http-nio-8001-exec-1] ERROR c.m.s.exceptionhandler.GlobalExceptionHandler - Could not extract response: no suitable HttpMessageConverter found for response type [class com.meinil.commonutils.R] and content type [application/json]
2022-03-01 17:50:47.883 [http-nio-8001-exec-7] ERROR c.m.s.exceptionhandler.GlobalExceptionHandler - Could not extract response: no suitable HttpMessageConverter found for response type [class com.meinil.commonutils.R] and content type [application/json]
2022-03-01 20:36:18.158 [http-nio-8001-exec-2] ERROR c.m.s.exceptionhandler.GlobalExceptionHandler - null
2022-03-01 20:37:18.915 [http-nio-8001-exec-4] ERROR c.m.s.exceptionhandler.GlobalExceptionHandler - null
2022-03-01 20:37:41.315 [http-nio-8001-exec-1] ERROR c.m.s.exceptionhandler.GlobalExceptionHandler - null
2022-03-01 20:37:57.668 [http-nio-8001-exec-3] ERROR c.m.s.exceptionhandler.GlobalExceptionHandler - null
2022-03-01 21:22:07.164 [SpringContextShutdownHook] ERROR o.s.c.alibaba.nacos.registry.NacosServiceRegistry - ERR_NACOS_DEREGISTER, de-register failed...NacosRegistration{nacosDiscoveryProperties=NacosDiscoveryProperties{serverAddr='127.0.0.1:8848', endpoint='', namespace='', watchDelay=30000, logName='', service='server-edu', weight=1.0, clusterName='DEFAULT', namingLoadCacheAtStart='false', metadata={preserved.register.source=SPRING_CLOUD}, registerEnabled=true, ip='192.168.58.1', networkInterface='', port=8001, secure=false, accessKey='', secretKey=''}},
java.lang.IllegalStateException: failed to req API:/nacos/v1/ns/instance after all servers([127.0.0.1:8848]) tried: failed to req API:http://127.0.0.1:8848/nacos/v1/ns/instance. code:500 msg: java.net.ConnectException: Connection refused: connect
	at com.alibaba.nacos.client.naming.net.NamingProxy.reqAPI(NamingProxy.java:380)
	at com.alibaba.nacos.client.naming.net.NamingProxy.reqAPI(NamingProxy.java:304)
	at com.alibaba.nacos.client.naming.net.NamingProxy.deregisterService(NamingProxy.java:203)
	at com.alibaba.nacos.client.naming.NacosNamingService.deregisterInstance(NacosNamingService.java:329)
	at com.alibaba.nacos.client.naming.NacosNamingService.deregisterInstance(NacosNamingService.java:323)
	at com.alibaba.nacos.client.naming.NacosNamingService.deregisterInstance(NacosNamingService.java:313)
	at org.springframework.cloud.alibaba.nacos.registry.NacosServiceRegistry.deregister(NacosServiceRegistry.java:87)
	at org.springframework.cloud.client.serviceregistry.AbstractAutoServiceRegistration.deregister(AbstractAutoServiceRegistration.java:256)
	at org.springframework.cloud.client.serviceregistry.AbstractAutoServiceRegistration.stop(AbstractAutoServiceRegistration.java:271)
	at org.springframework.cloud.client.serviceregistry.AbstractAutoServiceRegistration.destroy(AbstractAutoServiceRegistration.java:208)
	at sun.reflect.NativeMethodAccessorImpl.invoke0(Native Method)
	at sun.reflect.NativeMethodAccessorImpl.invoke(NativeMethodAccessorImpl.java:62)
	at sun.reflect.DelegatingMethodAccessorImpl.invoke(DelegatingMethodAccessorImpl.java:43)
	at java.lang.reflect.Method.invoke(Method.java:498)
	at org.springframework.beans.factory.annotation.InitDestroyAnnotationBeanPostProcessor$LifecycleElement.invoke(InitDestroyAnnotationBeanPostProcessor.java:389)
	at org.springframework.beans.factory.annotation.InitDestroyAnnotationBeanPostProcessor$LifecycleMetadata.invokeDestroyMethods(InitDestroyAnnotationBeanPostProcessor.java:347)
	at org.springframework.beans.factory.annotation.InitDestroyAnnotationBeanPostProcessor.postProcessBeforeDestruction(InitDestroyAnnotationBeanPostProcessor.java:177)
	at org.springframework.beans.factory.support.DisposableBeanAdapter.destroy(DisposableBeanAdapter.java:242)
	at org.springframework.beans.factory.support.DefaultSingletonBeanRegistry.destroyBean(DefaultSingletonBeanRegistry.java:571)
	at org.springframework.beans.factory.support.DefaultSingletonBeanRegistry.destroySingleton(DefaultSingletonBeanRegistry.java:543)
	at org.springframework.beans.factory.support.DefaultListableBeanFactory.destroySingleton(DefaultListableBeanFactory.java:1072)
	at org.springframework.beans.factory.support.DefaultSingletonBeanRegistry.destroySingletons(DefaultSingletonBeanRegistry.java:504)
	at org.springframework.beans.factory.support.DefaultListableBeanFactory.destroySingletons(DefaultListableBeanFactory.java:1065)
	at org.springframework.context.support.AbstractApplicationContext.destroyBeans(AbstractApplicationContext.java:1060)
	at org.springframework.context.support.AbstractApplicationContext.doClose(AbstractApplicationContext.java:1029)
	at org.springframework.context.support.AbstractApplicationContext$1.run(AbstractApplicationContext.java:948)
